[debug] [2020-12-13T09:11:00.253Z] ----------------------------------------------------------------------
[debug] [2020-12-13T09:11:00.255Z] Command:       C:\Program Files\nodejs\node.exe C:\Program Files\nodejs\node_modules\firebase-tools\lib\bin\firebase.js login
[debug] [2020-12-13T09:11:00.255Z] CLI Version:   8.19.0
[debug] [2020-12-13T09:11:00.256Z] Platform:      win32
[debug] [2020-12-13T09:11:00.256Z] Node Version:  v12.10.0
[debug] [2020-12-13T09:11:00.256Z] Time:          Sun Dec 13 2020 16:11:00 GMT+0700 (GMT+07:00)
[debug] [2020-12-13T09:11:00.257Z] ----------------------------------------------------------------------
[debug] [2020-12-13T09:11:00.257Z] 
[debug] [2020-12-13T09:11:00.258Z] >>> [apiv2][query] GET https://firebase-public.firebaseio.com/cli.json [none]
[info] i  Firebase optionally collects CLI usage and error reporting information to help improve our products. Data is collected in accordance with Google's privacy policy (https://policies.google.com/privacy) and is not used to identify you.
 
[debug] [2020-12-13T09:11:01.499Z] <<< [apiv2][status] GET https://firebase-public.firebaseio.com/cli.json 200
[debug] [2020-12-13T09:11:29.856Z] ----------------------------------------------------------------------
[debug] [2020-12-13T09:11:29.858Z] Command:       C:\Program Files\nodejs\node.exe C:\Program Files\nodejs\node_modules\firebase-tools\lib\bin\firebase.js login
[debug] [2020-12-13T09:11:29.858Z] CLI Version:   8.19.0
[debug] [2020-12-13T09:11:29.858Z] Platform:      win32
[debug] [2020-12-13T09:11:29.858Z] Node Version:  v12.10.0
[debug] [2020-12-13T09:11:29.859Z] Time:          Sun Dec 13 2020 16:11:29 GMT+0700 (GMT+07:00)
[debug] [2020-12-13T09:11:29.859Z] ----------------------------------------------------------------------
[debug] [2020-12-13T09:11:29.859Z] 
[info] i  Firebase optionally collects CLI usage and error reporting information to help improve our products. Data is collected in accordance with Google's privacy policy (https://policies.google.com/privacy) and is not used to identify you.
 
[info] 
[info] Visit this URL on this device to log in:
[info] https://accounts.google.com/o/oauth2/auth?client_id=563584335869-fgrhgmd47bqnekij5i8b5pr03ho849e6.apps.googleusercontent.com&scope=email%20openid%20https%3A%2F%2Fwww.googleapis.com%2Fauth%2Fcloudplatformprojects.readonly%20https%3A%2F%2Fwww.googleapis.com%2Fauth%2Ffirebase%20https%3A%2F%2Fwww.googleapis.com%2Fauth%2Fcloud-platform&response_type=code&state=397549385&redirect_uri=http%3A%2F%2Flocalhost%3A9005
[info] 
[info] Waiting for authentication...
